[debug] [2025-06-05T21:43:12.558Z] ----------------------------------------------------------------------
[debug] [2025-06-05T21:43:12.561Z] Command:       D:\Program Files\nodejs\node.exe C:\Users\Tiago Quintana\AppData\Roaming\npm\node_modules\firebase-tools\lib\bin\firebase.js init hosting
[debug] [2025-06-05T21:43:12.561Z] CLI Version:   14.5.0
[debug] [2025-06-05T21:43:12.561Z] Platform:      win32
[debug] [2025-06-05T21:43:12.561Z] Node Version:  v22.14.0
[debug] [2025-06-05T21:43:12.562Z] Time:          Thu Jun 05 2025 18:43:12 GMT-0300 (hora estándar de Argentina)
[debug] [2025-06-05T21:43:12.562Z] ----------------------------------------------------------------------
[debug] 
[debug] [2025-06-05T21:43:12.564Z] >>> [apiv2][query] GET https://firebase-public.firebaseio.com/cli.json [none]
[debug] [2025-06-05T21:43:12.782Z] > command requires scopes: ["email","openid","https://www.googleapis.com/auth/cloudplatformprojects.readonly","https://www.googleapis.com/auth/firebase","https://www.googleapis.com/auth/cloud-platform"]
[debug] [2025-06-05T21:43:12.782Z] > authorizing via signed-in user (tiago.exequiel.quintana@gmail.com)
[info] 
     ######## #### ########  ######## ########     ###     ######  ########
     ##        ##  ##     ## ##       ##     ##  ##   ##  ##       ##
     ######    ##  ########  ######   ########  #########  ######  ######
     ##        ##  ##    ##  ##       ##     ## ##     ##       ## ##
     ##       #### ##     ## ######## ########  ##     ##  ######  ########

You're about to initialize a Firebase project in this directory:

  D:\Usuarios\Tiago Quintana\Documentos\GitHub\Sala-De-Juegos

Before we get started, keep in mind:

  * You are initializing within an existing Firebase project directory

[debug] [2025-06-05T21:43:13.117Z] <<< [apiv2][status] GET https://firebase-public.firebaseio.com/cli.json 200
[debug] [2025-06-05T21:43:13.118Z] <<< [apiv2][body] GET https://firebase-public.firebaseio.com/cli.json {"cloudBuildErrorAfter":1594252800000,"cloudBuildWarnAfter":1590019200000,"defaultNode10After":1594252800000,"minVersion":"3.0.5","node8DeploysDisabledAfter":1613390400000,"node8RuntimeDisabledAfter":1615809600000,"node8WarnAfter":1600128000000}
[info] 
=== Project Setup
[info] 
[info] First, let's associate this project directory with a Firebase project.
[info] You can create multiple project aliases by running firebase use --add, 
[info] but for now we'll just set up a default project.
[info] 
[debug] [2025-06-05T21:43:14.461Z] Using project from CLI flag: sala-de-juegos-cc7c9
[debug] [2025-06-05T21:43:14.461Z] Checked if tokens are valid: false, expires at: 1748560439831
[debug] [2025-06-05T21:43:14.461Z] Checked if tokens are valid: false, expires at: 1748560439831
[debug] [2025-06-05T21:43:14.462Z] > refreshing access token with scopes: []
[debug] [2025-06-05T21:43:14.462Z] >>> [apiv2][query] POST https://www.googleapis.com/oauth2/v3/token [none]
[debug] [2025-06-05T21:43:14.462Z] >>> [apiv2][body] POST https://www.googleapis.com/oauth2/v3/token [omitted]
[debug] [2025-06-05T21:43:14.558Z] <<< [apiv2][status] POST https://www.googleapis.com/oauth2/v3/token 200
[debug] [2025-06-05T21:43:14.558Z] <<< [apiv2][body] POST https://www.googleapis.com/oauth2/v3/token [omitted]
[debug] [2025-06-05T21:43:14.566Z] >>> [apiv2][query] GET https://firebase.googleapis.com/v1beta1/projects/sala-de-juegos-cc7c9 [none]
[debug] [2025-06-05T21:43:14.889Z] <<< [apiv2][status] GET https://firebase.googleapis.com/v1beta1/projects/sala-de-juegos-cc7c9 200
[debug] [2025-06-05T21:43:14.889Z] <<< [apiv2][body] GET https://firebase.googleapis.com/v1beta1/projects/sala-de-juegos-cc7c9 {"projectId":"sala-de-juegos-cc7c9","projectNumber":"829153569551","displayName":"Sala de juegos","name":"projects/sala-de-juegos-cc7c9","resources":{"hostingSite":"sala-de-juegos-cc7c9"},"state":"ACTIVE","etag":"1_91ac4bc9-c516-4c74-975c-154af47f6b9a"}
[info] i  Using project sala-de-juegos-cc7c9 (Sala de juegos) 
[info] 
=== Hosting Setup
[debug] [2025-06-05T21:43:14.895Z] Checked if tokens are valid: true, expires at: 1749163393558
[debug] [2025-06-05T21:43:14.895Z] Checked if tokens are valid: true, expires at: 1749163393558
[debug] [2025-06-05T21:43:14.895Z] >>> [apiv2][query] GET https://firebase.googleapis.com/v1beta1/projects/sala-de-juegos-cc7c9 [none]
[debug] [2025-06-05T21:43:15.141Z] <<< [apiv2][status] GET https://firebase.googleapis.com/v1beta1/projects/sala-de-juegos-cc7c9 200
[debug] [2025-06-05T21:43:15.141Z] <<< [apiv2][body] GET https://firebase.googleapis.com/v1beta1/projects/sala-de-juegos-cc7c9 {"projectId":"sala-de-juegos-cc7c9","projectNumber":"829153569551","displayName":"Sala de juegos","name":"projects/sala-de-juegos-cc7c9","resources":{"hostingSite":"sala-de-juegos-cc7c9"},"state":"ACTIVE","etag":"1_91ac4bc9-c516-4c74-975c-154af47f6b9a"}
[info] 
[info] Your public directory is the folder (relative to your project directory) that
[info] will contain Hosting assets to be uploaded with firebase deploy. If you
[info] have a build process for your assets, use your build's output directory.
[info] 
[debug] [2025-06-05T21:43:29.322Z] >>> [apiv2][query] GET https://www.gstatic.com/firebasejs/releases.json [none]
[debug] [2025-06-05T21:43:29.406Z] <<< [apiv2][status] GET https://www.gstatic.com/firebasejs/releases.json 200
[debug] [2025-06-05T21:43:29.407Z] <<< [apiv2][body] GET https://www.gstatic.com/firebasejs/releases.json {"current":{"version":"11.9.0","browserURL":"https://www.gstatic.com/firebasejs/11.9.0/firebase.js","packageURL":"https://www.gstatic.com/firebasejs/11.9.0/firebase.tgz"},"live":{"version":"11.9","browserURL":"https://www.gstatic.com/firebasejs/live/11.9/firebase.js","packageURL":"https://www.gstatic.com/firebasejs/live/11.9/firebase.tgz"},"components":{"ai":"https://www.gstatic.com/firebasejs/11.9.0/firebase-ai.js","analytics":"https://www.gstatic.com/firebasejs/11.9.0/firebase-analytics.js","app":"https://www.gstatic.com/firebasejs/11.9.0/firebase-app.js","app-check":"https://www.gstatic.com/firebasejs/11.9.0/firebase-app-check.js","auth":"https://www.gstatic.com/firebasejs/11.9.0/firebase-auth.js","auth/cordova":"https://www.gstatic.com/firebasejs/11.9.0/firebase-auth/cordova.js","auth/web-extension":"https://www.gstatic.com/firebasejs/11.9.0/firebase-auth/web-extension.js","functions":"https://www.gstatic.com/firebasejs/11.9.0/firebase-functions.js","firestore":"https://www.gstatic.com/firebasejs/11.9.0/firebase-firestore.js","firestore/lite":"https://www.gstatic.com/firebasejs/11.9.0/firebase-firestore/lite.js","installations":"https://www.gstatic.com/firebasejs/11.9.0/firebase-installations.js","storage":"https://www.gstatic.com/firebasejs/11.9.0/firebase-storage.js","performance":"https://www.gstatic.com/firebasejs/11.9.0/firebase-performance.js","remote-config":"https://www.gstatic.com/firebasejs/11.9.0/firebase-remote-config.js","messaging":"https://www.gstatic.com/firebasejs/11.9.0/firebase-messaging.js","messaging/sw":"https://www.gstatic.com/firebasejs/11.9.0/firebase-messaging/sw.js","database":"https://www.gstatic.com/firebasejs/11.9.0/firebase-database.js","vertexai":"https://www.gstatic.com/firebasejs/11.9.0/firebase-vertexai.js","data-connect":"https://www.gstatic.com/firebasejs/11.9.0/firebase-data-connect.js","firestore.memory":"https://www.gstatic.com/firebasejs/11.9.0/firebase-firestore.memory.js"}}
